<?xml version="1.0" encoding="UTF-8"?>
<!-- Generated by org.testng.reporters.JUnitXMLReporter -->
<testsuite ignored="0" hostname="Raja" failures="0" tests="6" name="Test" time="65.336" errors="0" timestamp="2023-08-02T15:21:58 IST">
  <testcase classname="TestNGDemo.loginTest" name="login" time="58.85"/>
  <testcase classname="TestNGDemo.loginTest" name="verifyUrl" time="0.02"/>
  <testcase classname="TestNGDemo.loginTest" name="verifyTitle" time="0.013"/>
  <testcase classname="TestNGDemo.loginTest" name="pharmaProducts" time="5.656"/>
  <testcase classname="TestNGDemo.loginTest" name="logOut" time="0.563"/>
  <testcase classname="TestNGDemo.loginTest" name="closeBrowser" time="0.147"/>
</testsuite> <!-- Test -->
