<?xml version="1.0" encoding="UTF-8"?>
<testng-results ignored="0" total="1" passed="1" failed="0" skipped="0">
  <reporter-output>
  </reporter-output>
  <suite started-at="2023-09-14T12:27:47 IST" name="Default suite" finished-at="2023-09-14T12:28:15 IST" duration-ms="28021">
    <groups>
    </groups>
    <test started-at="2023-09-14T12:27:47 IST" name="Default test" finished-at="2023-09-14T12:28:15 IST" duration-ms="28021">
      <class name="CampaingTestCases.CreateCampaingRecordWithValidData">
        <test-method is-config="true" signature="setUpBrowser()[pri:0, instance:CampaingTestCases.CreateCampaingRecordWithValidData@7db12bb6]" started-at="2023-09-14T12:27:47 IST" name="setUpBrowser" finished-at="2023-09-14T12:27:54 IST" duration-ms="6380" status="PASS">
          <reporter-output>
          </reporter-output>
        </test-method> <!-- setUpBrowser -->
        <test-method signature="createCampaingRecord()[pri:0, instance:CampaingTestCases.CreateCampaingRecordWithValidData@7db12bb6]" started-at="2023-09-14T12:27:54 IST" name="createCampaingRecord" finished-at="2023-09-14T12:28:15 IST" duration-ms="21567" status="PASS">
          <reporter-output>
          </reporter-output>
        </test-method> <!-- createCampaingRecord -->
      </class> <!-- CampaingTestCases.CreateCampaingRecordWithValidData -->
    </test> <!-- Default test -->
  </suite> <!-- Default suite -->
</testng-results>
