<?xml version="1.0" encoding="UTF-8"?>
<testng-results ignored="0" total="1" passed="1" failed="0" skipped="0">
  <reporter-output>
  </reporter-output>
  <suite started-at="2024-01-18T19:02:16 IST" name="Default suite" finished-at="2024-01-18T19:02:48 IST" duration-ms="31718">
    <groups>
    </groups>
    <test started-at="2024-01-18T19:02:16 IST" name="Default test" finished-at="2024-01-18T19:02:48 IST" duration-ms="31718">
      <class name="SmokeTestCases.LoginTestCaseWithValidData">
        <test-method is-config="true" signature="setUpBrowser()[pri:0, instance:SmokeTestCases.LoginTestCaseWithValidData@7db12bb6]" started-at="2024-01-18T19:02:16 IST" name="setUpBrowser" finished-at="2024-01-18T19:02:27 IST" duration-ms="10340" status="PASS">
          <reporter-output>
          </reporter-output>
        </test-method> <!-- setUpBrowser -->
        <test-method signature="logIn()[pri:0, instance:SmokeTestCases.LoginTestCaseWithValidData@7db12bb6]" started-at="2024-01-18T19:02:27 IST" name="logIn" finished-at="2024-01-18T19:02:48 IST" duration-ms="21315" status="PASS">
          <reporter-output>
          </reporter-output>
        </test-method> <!-- logIn -->
      </class> <!-- SmokeTestCases.LoginTestCaseWithValidData -->
    </test> <!-- Default test -->
  </suite> <!-- Default suite -->
</testng-results>
